ISim log file
Running: D:\University\Term4\DSD Lab\Exp7\Project\Exp7\stimulus_isim_beh.exe -intstyle ise -gui -tclbatch isim.cmd -wdb D:/University/Term4/DSD Lab/Exp7/Project/Exp7/stimulus_isim_beh.wdb 
ISim P.20131013 (signature 0x7708f090)
This is a Full version of ISim.
Time resolution is 1 ps
# onerror resume
# wave add /
# run 1000 ns
Simulator is doing circuit initialization process.
Finished circuit initialization process.
sara eshgheeeeeeeeeeeeeee  x
sara eshgheeeeeeeeeeeeeee  X
sara eshgheeeeeeeeeeeeeee  X
sara eshgheeeeeeeeeeeeeee  X
sara eshgheeeeeeeeeeeeeee  X
sara eshgheeeeeeeeeeeeeee  X
sara eshgheeeeeeeeeeeeeee  X
sara eshgheeeeeeeeeeeeeee  X
sara eshgheeeeeeeeeeeeeee 96
sara eshgheeeeeeeeeeeeeee193
sara eshgheeeeeeeeeeeeeee130
sara eshgheeeeeeeeeeeeeee  4
sara eshgheeeeeeeeeeeeeee  9
sara eshgheeeeeeeeeeeeeee 18
sara eshgheeeeeeeeeeeeeee 36
sara eshgheeeeeeeeeeeeeee 72
sara eshgheeeeeeeeeeeeeee144
sara eshgheeeeeeeeeeeeeee 32
sara eshgheeeeeeeeeeeeeee 65
