Running: fuse.exe -relaunch -intstyle "ise" -incremental -lib "unisims_ver" -lib "unimacro_ver" -lib "xilinxcorelib_ver" -o "D:/University/Term4/DSD Lab/Exp8/Project/Exp8/computer_isim_beh.exe" -prj "D:/University/Term4/DSD Lab/Exp8/Project/Exp8/computer_beh.prj" "work.computer" "work.glbl" 
ISim P.20131013 (signature 0x7708f090)
Number of CPUs detected in this system: 8
Turning on mult-threading, number of parallel sub-compilation jobs: 16 
Determining compilation order of HDL files
Analyzing Verilog file "D:/University/Term4/DSD Lab/Exp8/Project/Exp8/complex_multiplier.v" into library work
Analyzing Verilog file "D:/University/Term4/DSD Lab/Exp8/Project/Exp8/complex_adder_subtractor.v" into library work
Analyzing Verilog file "D:/University/Term4/DSD Lab/Exp8/Project/Exp8/tri_state_buffer.v" into library work
Analyzing Verilog file "D:/University/Term4/DSD Lab/Exp8/Project/Exp8/ram.v" into library work
Analyzing Verilog file "D:/University/Term4/DSD Lab/Exp8/Project/Exp8/cpu.v" into library work
Analyzing Verilog file "D:/University/Term4/DSD Lab/Exp8/Project/Exp8/computer.v" into library work
Analyzing Verilog file "C:/Xilinx/14.7/ISE_DS/ISE//verilog/src/glbl.v" into library work
Starting static elaboration
Completed static elaboration
Compiling module ram
Compiling module complex_adder_subtractor
Compiling module complex_multiplier
Compiling module cpu
Compiling module tri_state_buffer(Width=5)
Compiling module tri_state_buffer(Width=8)
Compiling module tri_state_buffer(Width=1)
Compiling module computer
Compiling module glbl
Time Resolution for simulation is 1ps.
Waiting for 1 sub-compilation(s) to finish...
WARNING:Simulator - Unable to copy libPortabilityNOSH.dll to the simulation executable directory: boost::filesystem::copy_file: The system cannot find the path specified, "isim\computer_isim_beh.exe.sim\libPortability.dll".
Compiled 9 Verilog Units
Built simulation executable D:/University/Term4/DSD Lab/Exp8/Project/Exp8/computer_isim_beh.exe
Fuse Memory Usage: 27948 KB
Fuse CPU Usage: 343 ms
