ISim log file
Running: D:\University\Term4\DSD Lab\Exp8\Project\Exp8\computer_isim_beh.exe -intstyle ise -gui -tclbatch isim.cmd -wdb D:/University/Term4/DSD Lab/Exp8/Project/Exp8/computer_isim_beh.wdb 
ISim P.20131013 (signature 0x7708f090)
This is a Full version of ISim.
Time resolution is 1 ps
# onerror resume
# wave add /
# run 1000 ns
Simulator is doing circuit initialization process.
Finished circuit initialization process.
  6,   4,   7,   3
Stopped at time : 200 ns : File "D:/University/Term4/DSD Lab/Exp8/Project/Exp8/computer.v" Line 110
ISim P.20131013 (signature 0x7708f090)
This is a Full version of ISim.
# run 1000 ns
Simulator is doing circuit initialization process.
Finished circuit initialization process.
  6,   4,   7,   3
 13,   7,   6,   4
Stopped at time : 210 ns : File "D:/University/Term4/DSD Lab/Exp8/Project/Exp8/computer.v" Line 113
