Running: fuse.exe -relaunch -intstyle "ise" -incremental -lib "unisims_ver" -lib "unimacro_ver" -lib "xilinxcorelib_ver" -o "D:/University/Term4/DSD Lab/Exp2/Project/Expriment2/MainTest_isim_beh.exe" -prj "D:/University/Term4/DSD Lab/Exp2/Project/Expriment2/MainTest_beh.prj" "work.MainTest" "work.glbl" 
ISim P.20131013 (signature 0x7708f090)
Number of CPUs detected in this system: 8
Turning on mult-threading, number of parallel sub-compilation jobs: 16 
Determining compilation order of HDL files
Analyzing Verilog file "D:/University/Term4/DSD Lab/Exp2/Project/Expriment2/Main.v" into library work
Analyzing Verilog file "D:/University/Term4/DSD Lab/Exp2/Project/Expriment2/MainTest.v" into library work
Analyzing Verilog file "C:/Xilinx/14.7/ISE_DS/ISE//verilog/src/glbl.v" into library work
Starting static elaboration
Completed static elaboration
Compiling module Main
Compiling module MainTest
Compiling module glbl
Time Resolution for simulation is 1ps.
Waiting for 1 sub-compilation(s) to finish...
WARNING:Simulator - Unable to copy libPortabilityNOSH.dll to the simulation executable directory: boost::filesystem::copy_file: The system cannot find the path specified, "isim\MainTest_isim_beh.exe.sim\libPortability.dll".
Compiled 3 Verilog Units
Built simulation executable D:/University/Term4/DSD Lab/Exp2/Project/Expriment2/MainTest_isim_beh.exe
Fuse Memory Usage: 27168 KB
Fuse CPU Usage: 343 ms
