--------------------------------------------------------------------------------
Release 14.7 Trace  (nt64)
Copyright (c) 1995-2013 Xilinx, Inc.  All rights reserved.

C:\Xilinx\14.7\ISE_DS\ISE\bin\nt64\unwrapped\trce.exe -intstyle ise -v 3 -s 4
-n 3 -fastpaths -xml FiveBitAdder.twx FiveBitAdder.ncd -o FiveBitAdder.twr
FiveBitAdder.pcf

Design file:              FiveBitAdder.ncd
Physical constraint file: FiveBitAdder.pcf
Device,package,speed:     xc3sd3400a,fg676,-4 (PRODUCTION 1.34 2013-10-13)
Report level:             verbose report

Environment Variable      Effect 
--------------------      ------ 
NONE                      No environment variables were set
--------------------------------------------------------------------------------

INFO:Timing:2698 - No timing constraints found, doing default enumeration.
INFO:Timing:3412 - To improve timing, see the Timing Closure User Guide (UG612).
INFO:Timing:2752 - To get complete path coverage, use the unconstrained paths 
   option. All paths that are not constrained will be reported in the 
   unconstrained paths section(s) of the report.
INFO:Timing:3339 - The clock-to-out numbers in this timing report are based on 
   a 50 Ohm transmission line loading model.  For the details of this model, 
   and for more information on accounting for different loading conditions, 
   please see the device datasheet.
INFO:Timing:3390 - This architecture does not support a default System Jitter 
   value, please add SYSTEM_JITTER constraint to the UCF to modify the Clock 
   Uncertainty calculation.
INFO:Timing:3389 - This architecture does not support 'Discrete Jitter' and 
   'Phase Error' calculations, these terms will be zero in the Clock 
   Uncertainty calculation.  Please make appropriate modification to 
   SYSTEM_JITTER to account for the unsupported Discrete Jitter and Phase 
   Error.



Data Sheet report:
-----------------
All values displayed in nanoseconds (ns)

Pad to Pad
---------------+---------------+---------+
Source Pad     |Destination Pad|  Delay  |
---------------+---------------+---------+
a0             |carryOut       |   12.013|
a0             |s0             |    8.057|
a0             |s1             |    7.972|
a0             |s2             |    8.880|
a0             |s3             |   10.877|
a0             |s4             |   11.973|
a1             |carryOut       |   10.363|
a1             |s1             |    7.368|
a1             |s2             |    7.230|
a1             |s3             |    9.227|
a1             |s4             |   10.323|
a2             |carryOut       |   10.182|
a2             |s2             |    6.861|
a2             |s3             |    9.046|
a2             |s4             |   10.142|
a3             |carryOut       |    7.556|
a3             |s3             |    6.384|
a3             |s4             |    7.516|
a4             |carryOut       |    6.732|
a4             |s4             |    6.738|
b0             |carryOut       |   13.612|
b0             |s0             |    7.661|
b0             |s1             |    9.571|
b0             |s2             |   10.479|
b0             |s3             |   12.476|
b0             |s4             |   13.572|
b1             |carryOut       |   10.382|
b1             |s1             |    7.163|
b1             |s2             |    7.249|
b1             |s3             |    9.246|
b1             |s4             |   10.342|
b2             |carryOut       |    9.908|
b2             |s2             |    6.575|
b2             |s3             |    8.772|
b2             |s4             |    9.868|
b3             |carryOut       |    7.554|
b3             |s3             |    6.381|
b3             |s4             |    7.514|
b4             |carryOut       |    6.698|
b4             |s4             |    6.703|
m              |carryOut       |   12.556|
m              |s1             |    8.515|
m              |s2             |    9.423|
m              |s3             |   11.420|
m              |s4             |   12.516|
---------------+---------------+---------+


Analysis completed Sat Apr 03 23:28:14 2021 
--------------------------------------------------------------------------------

Trace Settings:
-------------------------
Trace Settings 

Peak Memory Usage: 4628 MB



