--------------------------------------------------------------------------------
Release 14.7 Trace  (nt64)
Copyright (c) 1995-2013 Xilinx, Inc.  All rights reserved.

C:\Xilinx\14.7\ISE_DS\ISE\bin\nt64\unwrapped\trce.exe -intstyle ise -v 3 -s 4
-n 3 -fastpaths -xml Incubator.twx Incubator.ncd -o Incubator.twr Incubator.pcf

Design file:              Incubator.ncd
Physical constraint file: Incubator.pcf
Device,package,speed:     xc3sd3400a,fg676,-4 (PRODUCTION 1.34 2013-10-13)
Report level:             verbose report

Environment Variable      Effect 
--------------------      ------ 
NONE                      No environment variables were set
--------------------------------------------------------------------------------

INFO:Timing:2698 - No timing constraints found, doing default enumeration.
INFO:Timing:3412 - To improve timing, see the Timing Closure User Guide (UG612).
INFO:Timing:2752 - To get complete path coverage, use the unconstrained paths 
   option. All paths that are not constrained will be reported in the 
   unconstrained paths section(s) of the report.
INFO:Timing:3339 - The clock-to-out numbers in this timing report are based on 
   a 50 Ohm transmission line loading model.  For the details of this model, 
   and for more information on accounting for different loading conditions, 
   please see the device datasheet.
INFO:Timing:3390 - This architecture does not support a default System Jitter 
   value, please add SYSTEM_JITTER constraint to the UCF to modify the Clock 
   Uncertainty calculation.
INFO:Timing:3389 - This architecture does not support 'Discrete Jitter' and 
   'Phase Error' calculations, these terms will be zero in the Clock 
   Uncertainty calculation.  Please make appropriate modification to 
   SYSTEM_JITTER to account for the unsupported Discrete Jitter and Phase 
   Error.



Data Sheet report:
-----------------
All values displayed in nanoseconds (ns)

Setup/Hold to clock clk
--------------+------------+------------+------------------+--------+
              |Max Setup to|Max Hold to |                  | Clock  |
Source        | clk (edge) | clk (edge) |Internal Clock(s) | Phase  |
--------------+------------+------------+------------------+--------+
reset         |    1.863(R)|    0.993(R)|clk_BUFGP         |   0.000|
temperature<0>|    3.999(R)|   -0.967(R)|clk_BUFGP         |   0.000|
temperature<1>|    3.951(R)|   -0.843(R)|clk_BUFGP         |   0.000|
temperature<2>|    3.170(R)|   -0.319(R)|clk_BUFGP         |   0.000|
temperature<3>|    4.057(R)|   -0.271(R)|clk_BUFGP         |   0.000|
temperature<4>|    4.065(R)|    0.736(R)|clk_BUFGP         |   0.000|
temperature<5>|    3.731(R)|   -0.109(R)|clk_BUFGP         |   0.000|
temperature<6>|    2.320(R)|    0.272(R)|clk_BUFGP         |   0.000|
temperature<7>|    2.075(R)|    0.888(R)|clk_BUFGP         |   0.000|
--------------+------------+------------+------------------+--------+

Clock clk to Pad
--------------------------+------------+------------------+--------+
                          | clk (edge) |                  | Clock  |
Destination               |   to PAD   |Internal Clock(s) | Phase  |
--------------------------+------------+------------------+--------+
cooler_on                 |   10.113(R)|clk_BUFGP         |   0.000|
cooler_rotational_speed<1>|    9.086(R)|clk_BUFGP         |   0.000|
cooler_rotational_speed<2>|    9.319(R)|clk_BUFGP         |   0.000|
cooler_rotational_speed<3>|    8.782(R)|clk_BUFGP         |   0.000|
heater_on                 |    8.873(R)|clk_BUFGP         |   0.000|
--------------------------+------------+------------------+--------+

Clock to Setup on destination clock clk
---------------+---------+---------+---------+---------+
               | Src:Rise| Src:Fall| Src:Rise| Src:Fall|
Source Clock   |Dest:Rise|Dest:Rise|Dest:Fall|Dest:Fall|
---------------+---------+---------+---------+---------+
clk            |    3.478|         |         |         |
---------------+---------+---------+---------+---------+


Analysis completed Wed May 05 00:14:47 2021 
--------------------------------------------------------------------------------

Trace Settings:
-------------------------
Trace Settings 

Peak Memory Usage: 4628 MB



